<?xml version="1.0" encoding="UTF-8"?>
<testsuite name="com.detroitlabs.ThemePark.data.RestaurantRepositoryTest" tests="1" skipped="0" failures="0" errors="0" timestamp="2022-04-20T21:51:03" hostname="Elissas-MacBook-Pro.local" time="0.017">
  <properties/>
  <testcase name="getListOfFood()" classname="com.detroitlabs.ThemePark.data.RestaurantRepositoryTest" time="0.017"/>
  <system-out><![CDATA[Tacos
]]></system-out>
  <system-err><![CDATA[]]></system-err>
</testsuite>
