<?xml version="1.0" encoding="UTF-8"?>
<testsuite name="com.detroitlabs.ThemePark.data.AttractionRepositoryTest" tests="1" skipped="0" failures="0" errors="0" timestamp="2022-04-20T15:54:05" hostname="Elissas-MacBook-Pro.local" time="1.227">
  <properties/>
  <testcase name="return_Land_ID()" classname="com.detroitlabs.ThemePark.data.AttractionRepositoryTest" time="1.227"/>
  <system-out><![CDATA[09:54:06.024 [Test worker] DEBUG org.springframework.web.client.RestTemplate - HTTP GET https://queue-times.com/en-US/parks/16/queue_times.json
09:54:06.029 [Test worker] DEBUG org.springframework.web.client.RestTemplate - Accept=[text/plain, application/json, application/*+json, */*]
09:54:06.031 [Test worker] DEBUG org.springframework.web.client.RestTemplate - Writing [parameters] with org.springframework.http.converter.StringHttpMessageConverter
09:54:06.668 [Test worker] DEBUG org.springframework.web.client.RestTemplate - Response 200 OK
09:54:06.669 [Test worker] DEBUG org.springframework.web.client.RestTemplate - Reading to [java.lang.String] as "application/json;charset=utf-8"
09:54:06.730 [Test worker] DEBUG org.springframework.web.client.RestTemplate - HTTP GET https://queue-times.com/en-US/parks/16/queue_times.json
09:54:06.730 [Test worker] DEBUG org.springframework.web.client.RestTemplate - Accept=[text/plain, application/json, application/*+json, */*]
09:54:06.731 [Test worker] DEBUG org.springframework.web.client.RestTemplate - Writing [parameters] with org.springframework.http.converter.StringHttpMessageConverter
09:54:06.907 [Test worker] DEBUG org.springframework.web.client.RestTemplate - Response 200 OK
09:54:06.907 [Test worker] DEBUG org.springframework.web.client.RestTemplate - Reading to [java.lang.String] as "application/json;charset=utf-8"
]]></system-out>
  <system-err><![CDATA[]]></system-err>
</testsuite>
